--------------------------------------------------------------------------------
Release 14.7 Trace  (nt)
Copyright (c) 1995-2013 Xilinx, Inc.  All rights reserved.

C:\Xilinx\14.7\ISE_DS\ISE\bin\nt\unwrapped\trce.exe -intstyle ise -v 3 -s 3 -n
3 -fastpaths -xml HW3.twx HW3.ncd -o HW3.twr HW3.pcf -ucf HW3.ucf

Design file:              HW3.ncd
Physical constraint file: HW3.pcf
Device,package,speed:     xc6slx16,csg324,C,-3 (PRODUCTION 1.23 2013-10-13)
Report level:             verbose report

Environment Variable      Effect 
--------------------      ------ 
NONE                      No environment variables were set
--------------------------------------------------------------------------------

INFO:Timing:2698 - No timing constraints found, doing default enumeration.
INFO:Timing:3412 - To improve timing, see the Timing Closure User Guide (UG612).
INFO:Timing:2752 - To get complete path coverage, use the unconstrained paths 
   option. All paths that are not constrained will be reported in the 
   unconstrained paths section(s) of the report.
INFO:Timing:3339 - The clock-to-out numbers in this timing report are based on 
   a 50 Ohm transmission line loading model.  For the details of this model, 
   and for more information on accounting for different loading conditions, 
   please see the device datasheet.



Data Sheet report:
-----------------
All values displayed in nanoseconds (ns)

Pad to Pad
---------------+---------------+---------+
Source Pad     |Destination Pad|  Delay  |
---------------+---------------+---------+
B0             |A              |    7.714|
B0             |B              |    7.816|
B0             |C              |    7.822|
B0             |D              |    7.556|
B0             |E              |    7.463|
B0             |F              |    7.937|
B0             |G              |    7.719|
B1             |A              |    7.857|
B1             |B              |    7.613|
B1             |C              |    7.575|
B1             |D              |    7.699|
B1             |E              |    7.390|
B1             |F              |    7.690|
B1             |G              |    7.646|
B2             |A              |    7.728|
B2             |B              |    7.702|
B2             |C              |    7.652|
B2             |D              |    7.570|
B2             |E              |    7.303|
B2             |F              |    7.767|
B2             |G              |    7.559|
B3             |A              |    7.681|
B3             |B              |    8.006|
B3             |C              |    7.872|
B3             |D              |    7.523|
B3             |E              |    7.884|
B3             |F              |    7.987|
B3             |G              |    8.140|
---------------+---------------+---------+


Analysis completed Wed Aug 22 15:58:03 2018 
--------------------------------------------------------------------------------

Trace Settings:
-------------------------
Trace Settings 

Peak Memory Usage: 174 MB



